[debug] [2018-12-06T23:22:43.226Z] ----------------------------------------------------------------------
[debug] [2018-12-06T23:22:43.228Z] Command:       /usr/local/bin/node /usr/local/bin/firebase deploy
[debug] [2018-12-06T23:22:43.228Z] CLI Version:   6.1.2
[debug] [2018-12-06T23:22:43.228Z] Platform:      darwin
[debug] [2018-12-06T23:22:43.228Z] Node Version:  v10.1.0
[debug] [2018-12-06T23:22:43.229Z] Time:          Thu Dec 06 2018 17:22:43 GMT-0600 (CST)
[debug] [2018-12-06T23:22:43.229Z] ----------------------------------------------------------------------
[debug] 
[debug] [2018-12-06T23:22:43.241Z] > command requires scopes: ["email","openid","https://www.googleapis.com/auth/cloudplatformprojects.readonly","https://www.googleapis.com/auth/firebase","https://www.googleapis.com/auth/cloud-platform"]
[debug] [2018-12-06T23:22:43.241Z] > authorizing via signed-in user
[debug] [2018-12-06T23:22:43.242Z] [iam] checking project project-reentry for permissions ["datastore.indexes.create","datastore.indexes.delete","datastore.indexes.list","datastore.indexes.update","firebase.projects.get","firebasedatabase.instances.update","firebasehosting.sites.update","firebaserules.releases.create","firebaserules.releases.update","firebaserules.rulesets.create"]
[debug] [2018-12-06T23:22:43.243Z] > refreshing access token with scopes: ["email","https://www.googleapis.com/auth/cloud-platform","https://www.googleapis.com/auth/cloudplatformprojects.readonly","https://www.googleapis.com/auth/firebase","openid"]
[debug] [2018-12-06T23:22:43.243Z] >>> HTTP REQUEST POST https://www.googleapis.com/oauth2/v3/token  
 <request body omitted>
[debug] [2018-12-06T23:22:43.517Z] <<< HTTP RESPONSE 200
[debug] [2018-12-06T23:22:43.569Z] >>> HTTP REQUEST POST https://cloudresourcemanager.googleapis.com/v1/projects/project-reentry:testIamPermissions  

[debug] [2018-12-06T23:22:43.748Z] <<< HTTP RESPONSE 200
[debug] [2018-12-06T23:22:43.750Z] >>> HTTP REQUEST GET https://firebase.googleapis.com/v1beta1/projects/project-reentry  
 
[debug] [2018-12-06T23:22:43.893Z] <<< HTTP RESPONSE 200
[info] 
[info] === Deploying to 'project-reentry'...
[info] 
[info] i  deploying database, storage, firestore, hosting
[info] i  database: checking rules syntax...
[debug] [2018-12-06T23:22:43.897Z] >>> HTTP REQUEST PUT https://project-reentry.firebaseio.com/.settings/rules.json?dryRun=true  
 {
  /* Visit https://firebase.google.com/docs/database/security to learn more about security rules. */
  "rules": {
    ".read": false,
    ".write": false
  }
}
[debug] [2018-12-06T23:22:45.033Z] <<< HTTP RESPONSE 200
[info] ✔  database: rules syntax for database project-reentry is valid
[debug] [2018-12-06T23:22:45.034Z] >>> HTTP REQUEST GET https://appengine.googleapis.com/v1/apps/project-reentry  
 
[debug] [2018-12-06T23:22:45.467Z] <<< HTTP RESPONSE 200
[info] i  storage: checking storage.rules for compilation errors...
[debug] [2018-12-06T23:22:45.470Z] >>> HTTP REQUEST POST https://firebaserules.googleapis.com/v1/projects/project-reentry:test  

[debug] [2018-12-06T23:22:45.568Z] <<< HTTP RESPONSE 200
[info] ✔  storage: rules file storage.rules compiled successfully
[info] i  firestore: checking firestore.rules for compilation errors...
[debug] [2018-12-06T23:22:45.572Z] >>> HTTP REQUEST POST https://firebaserules.googleapis.com/v1/projects/project-reentry:test  

[debug] [2018-12-06T23:22:45.628Z] <<< HTTP RESPONSE 200
[info] ✔  firestore: rules file firestore.rules compiled successfully
[debug] [2018-12-06T23:22:45.631Z] >>> HTTP REQUEST POST https://firebasehosting.googleapis.com/v1beta1/sites/project-reentry/versions  

[debug] [2018-12-06T23:22:46.587Z] <<< HTTP RESPONSE 200
[info] i  storage: uploading rules storage.rules...
[debug] [2018-12-06T23:22:46.588Z] >>> HTTP REQUEST POST https://firebaserules.googleapis.com/v1/projects/project-reentry/rulesets  

[debug] [2018-12-06T23:22:47.099Z] <<< HTTP RESPONSE 200
[debug] [2018-12-06T23:22:47.099Z] [rules] created ruleset projects/project-reentry/rulesets/a958dca2-5503-4e9b-b01c-afda262b1319
[info] i  firestore: uploading rules firestore.rules...
[debug] [2018-12-06T23:22:47.100Z] >>> HTTP REQUEST POST https://firebaserules.googleapis.com/v1/projects/project-reentry/rulesets  

[debug] [2018-12-06T23:22:47.101Z] >>> HTTP REQUEST GET https://firestore.googleapis.com/v1beta1/projects/project-reentry/databases/(default)/indexes  
 
[debug] [2018-12-06T23:22:47.432Z] <<< HTTP RESPONSE 200
[debug] [2018-12-06T23:22:47.432Z] [rules] created ruleset projects/project-reentry/rulesets/21a036e3-82d6-48f7-a1ae-4d16b01d39f1
[debug] [2018-12-06T23:22:47.433Z] <<< HTTP RESPONSE 200
[info] i  hosting[project-reentry]: beginning deploy...
[info] i  hosting[project-reentry]: found 16 files in dist/project-reentry
[debug] [2018-12-06T23:22:47.442Z] [hosting] hash cache [ZGlzdC9wcm9qZWN0LXJlZW50cnk] load error: lines is not defined
